CRITICAL - 2023-11-17 03:58:01 --> The framework needs the following extension(s) installed and loaded: intl.
in SYSTEMPATH/CodeIgniter.php on line 252.
 1 SYSTEMPATH/CodeIgniter.php(252): CodeIgniter\Exceptions\FrameworkException::forMissingExtension()
 2 SYSTEMPATH/CodeIgniter.php(214): CodeIgniter\CodeIgniter->resolvePlatformExtensions()
 3 ROOTPATH/spark(88): CodeIgniter\CodeIgniter->initialize()
CRITICAL - 2023-11-17 03:58:01 --> Uncaught Error: Class "Locale" not found in /var/www/html/spectsgenie/system/I18n/TimeTrait.php:74
Stack trace:
#0 /var/www/html/spectsgenie/system/I18n/TimeTrait.php(115): CodeIgniter\I18n\Time->__construct()
#1 /var/www/html/spectsgenie/system/HTTP/ResponseTrait.php(468): CodeIgniter\I18n\Time::now()
#2 /var/www/html/spectsgenie/system/HTTP/ResponseTrait.php(446): CodeIgniter\HTTP\Response->sendHeaders()
#3 /var/www/html/spectsgenie/system/Debug/ExceptionHandler.php(81): CodeIgniter\HTTP\Response->send()
#4 /var/www/html/spectsgenie/system/Debug/Exceptions.php(148): CodeIgniter\Debug\ExceptionHandler->handle()
#5 [internal function]: CodeIgniter\Debug\Exceptions->exceptionHandler()
#6 {main}
  thrown
【Previous Exception】
CodeIgniter\Exceptions\FrameworkException
The framework needs the following extension(s) installed and loaded: intl.
#0 /var/www/html/spectsgenie/system/CodeIgniter.php(252): CodeIgniter\Exceptions\FrameworkException::forMissingExtension()
#1 /var/www/html/spectsgenie/system/CodeIgniter.php(214): CodeIgniter\CodeIgniter->resolvePlatformExtensions()
#2 /var/www/html/spectsgenie/spark(88): CodeIgniter\CodeIgniter->initialize()
#3 {main}
in SYSTEMPATH/I18n/TimeTrait.php on line 74.
 1 [internal function]: CodeIgniter\Debug\Exceptions->shutdownHandler()
CRITICAL - 2023-11-17 04:05:07 --> The framework needs the following extension(s) installed and loaded: intl.
in SYSTEMPATH/CodeIgniter.php on line 252.
 1 SYSTEMPATH/CodeIgniter.php(252): CodeIgniter\Exceptions\FrameworkException::forMissingExtension()
 2 SYSTEMPATH/CodeIgniter.php(214): CodeIgniter\CodeIgniter->resolvePlatformExtensions()
 3 ROOTPATH/spark(88): CodeIgniter\CodeIgniter->initialize()
CRITICAL - 2023-11-17 04:05:07 --> Uncaught Error: Class "Locale" not found in /var/www/html/spectsgenie/system/I18n/TimeTrait.php:74
Stack trace:
#0 /var/www/html/spectsgenie/system/I18n/TimeTrait.php(115): CodeIgniter\I18n\Time->__construct()
#1 /var/www/html/spectsgenie/system/HTTP/ResponseTrait.php(468): CodeIgniter\I18n\Time::now()
#2 /var/www/html/spectsgenie/system/HTTP/ResponseTrait.php(446): CodeIgniter\HTTP\Response->sendHeaders()
#3 /var/www/html/spectsgenie/system/Debug/ExceptionHandler.php(81): CodeIgniter\HTTP\Response->send()
#4 /var/www/html/spectsgenie/system/Debug/Exceptions.php(148): CodeIgniter\Debug\ExceptionHandler->handle()
#5 [internal function]: CodeIgniter\Debug\Exceptions->exceptionHandler()
#6 {main}
  thrown
【Previous Exception】
CodeIgniter\Exceptions\FrameworkException
The framework needs the following extension(s) installed and loaded: intl.
#0 /var/www/html/spectsgenie/system/CodeIgniter.php(252): CodeIgniter\Exceptions\FrameworkException::forMissingExtension()
#1 /var/www/html/spectsgenie/system/CodeIgniter.php(214): CodeIgniter\CodeIgniter->resolvePlatformExtensions()
#2 /var/www/html/spectsgenie/spark(88): CodeIgniter\CodeIgniter->initialize()
#3 {main}
in SYSTEMPATH/I18n/TimeTrait.php on line 74.
 1 [internal function]: CodeIgniter\Debug\Exceptions->shutdownHandler()
